<?xml version="1.0" encoding="UTF-8"?>
<!-- Generated by org.testng.reporters.JUnitReportReporter -->
<testsuite hostname="furichan" name="com.bbc.MavenTestngDemo.AppTest" tests="1" failures="0" timestamp="1 Apr 2018 03:27:51 GMT" time="0.015" errors="0">
  <testcase name="MavenTestngDemo" time="0.015" classname="com.bbc.MavenTestngDemo.AppTest"/>
</testsuite> <!-- com.bbc.MavenTestngDemo.AppTest -->
